<?xml version="1.0" encoding="UTF-8"?>
<testng-results ignored="0" total="3" passed="3" failed="0" skipped="0">
  <reporter-output>
    <line>
      <![CDATA[Facebook – log in or sign up]]>
    </line>
    <line>
      <![CDATA[https://www.facebook.com/login/?privacy_mutation_token=eyJ0eXBlIjowLCJjcmVhdGlvbl90aW1lIjoxNjUwNzE3NDA4LCJjYWxsc2l0ZV9pZCI6MzgxMjI5MDc5NTc1OTQ2fQ%3D%3D]]>
    </line>
    <line>
      <![CDATA[Facebook – log in or sign up]]>
    </line>
    <line>
      <![CDATA[https://www.facebook.com/login/?privacy_mutation_token=eyJ0eXBlIjowLCJjcmVhdGlvbl90aW1lIjoxNjUwNzE3NDA4LCJjYWxsc2l0ZV9pZCI6MzgxMjI5MDc5NTc1OTQ2fQ%3D%3D]]>
    </line>
    <line>
      <![CDATA[Facebook – log in or sign up]]>
    </line>
    <line>
      <![CDATA[https://www.facebook.com/login/?privacy_mutation_token=eyJ0eXBlIjowLCJjcmVhdGlvbl90aW1lIjoxNjUwNzE3NDA4LCJjYWxsc2l0ZV9pZCI6MzgxMjI5MDc5NTc1OTQ2fQ%3D%3D]]>
    </line>
  </reporter-output>
  <suite started-at="2022-04-23T18:06:46 IST" name="Suite" finished-at="2022-04-23T18:07:00 IST" duration-ms="14512">
    <groups>
    </groups>
    <test started-at="2022-04-23T18:06:46 IST" name="Test1" finished-at="2022-04-23T18:06:56 IST" duration-ms="10691">
      <class name="testNG.Parallel">
        <test-method signature="tc1(java.lang.String)[pri:0, instance:testNG.Parallel@3cc2931c]" started-at="2022-04-23T18:06:46 IST" name="tc1" finished-at="2022-04-23T18:06:56 IST" duration-ms="10607" status="PASS">
          <params>
            <param index="0">
              <value>
                <![CDATA[chrome]]>
              </value>
            </param>
          </params>
          <reporter-output>
            <line>
              <![CDATA[Facebook – log in or sign up]]>
            </line>
            <line>
              <![CDATA[https://www.facebook.com/login/?privacy_mutation_token=eyJ0eXBlIjowLCJjcmVhdGlvbl90aW1lIjoxNjUwNzE3NDA4LCJjYWxsc2l0ZV9pZCI6MzgxMjI5MDc5NTc1OTQ2fQ%3D%3D]]>
            </line>
          </reporter-output>
        </test-method> <!-- tc1 -->
      </class> <!-- testNG.Parallel -->
    </test> <!-- Test1 -->
    <test started-at="2022-04-23T18:06:46 IST" name="Test2" finished-at="2022-04-23T18:07:00 IST" duration-ms="14453">
      <class name="testNG.Parallel">
        <test-method signature="tc1(java.lang.String)[pri:0, instance:testNG.Parallel@7a69b07]" started-at="2022-04-23T18:06:46 IST" name="tc1" finished-at="2022-04-23T18:07:00 IST" duration-ms="14377" status="PASS">
          <params>
            <param index="0">
              <value>
                <![CDATA[chrome]]>
              </value>
            </param>
          </params>
          <reporter-output>
            <line>
              <![CDATA[Facebook – log in or sign up]]>
            </line>
            <line>
              <![CDATA[https://www.facebook.com/login/?privacy_mutation_token=eyJ0eXBlIjowLCJjcmVhdGlvbl90aW1lIjoxNjUwNzE3NDA4LCJjYWxsc2l0ZV9pZCI6MzgxMjI5MDc5NTc1OTQ2fQ%3D%3D]]>
            </line>
          </reporter-output>
        </test-method> <!-- tc1 -->
      </class> <!-- testNG.Parallel -->
    </test> <!-- Test2 -->
    <test started-at="2022-04-23T18:06:46 IST" name="Test3" finished-at="2022-04-23T18:07:00 IST" duration-ms="14512">
      <class name="testNG.Parallel">
        <test-method signature="tc1(java.lang.String)[pri:0, instance:testNG.Parallel@1817d444]" started-at="2022-04-23T18:06:46 IST" name="tc1" finished-at="2022-04-23T18:07:00 IST" duration-ms="14438" status="PASS">
          <params>
            <param index="0">
              <value>
                <![CDATA[chrome]]>
              </value>
            </param>
          </params>
          <reporter-output>
            <line>
              <![CDATA[Facebook – log in or sign up]]>
            </line>
            <line>
              <![CDATA[https://www.facebook.com/login/?privacy_mutation_token=eyJ0eXBlIjowLCJjcmVhdGlvbl90aW1lIjoxNjUwNzE3NDA4LCJjYWxsc2l0ZV9pZCI6MzgxMjI5MDc5NTc1OTQ2fQ%3D%3D]]>
            </line>
          </reporter-output>
        </test-method> <!-- tc1 -->
      </class> <!-- testNG.Parallel -->
    </test> <!-- Test3 -->
  </suite> <!-- Suite -->
</testng-results>
